TN:
SF:src/ej-guion/ejercicio-3/funko.ts
FN:21,(anonymous_0)
FN:28,(anonymous_1)
FNF:2
FNH:2
FNDA:4,(anonymous_0)
FNDA:8,(anonymous_1)
DA:1,1
DA:7,1
DA:21,4
DA:29,8
DA:30,8
DA:31,8
DA:32,2
DA:33,6
DA:34,2
DA:35,4
DA:36,2
DA:37,2
DA:38,2
DA:40,8
LF:14
LH:14
BRDA:31,0,0,2
BRDA:31,0,1,6
BRDA:33,1,0,2
BRDA:33,1,1,4
BRDA:33,2,0,6
BRDA:33,2,1,6
BRDA:35,3,0,2
BRDA:35,3,1,2
BRDA:35,4,0,4
BRDA:35,4,1,4
BRDA:37,5,0,2
BRDA:37,5,1,0
BRDA:37,6,0,2
BRDA:37,6,1,2
BRF:14
BRH:13
end_of_record
TN:
SF:src/ej-guion/ejercicio-3/utilities.ts
FN:4,(anonymous_0)
FN:14,(anonymous_1)
FNF:2
FNH:2
FNDA:1,(anonymous_0)
FNDA:1,(anonymous_1)
DA:4,1
DA:5,1
DA:6,1
DA:7,1
DA:8,1
DA:14,1
DA:15,1
DA:16,1
DA:17,1
DA:18,1
DA:19,1
DA:20,1
LF:12
LH:12
BRDA:4,0,0,1
BRDA:4,0,1,1
BRDA:14,1,0,1
BRDA:14,1,1,1
BRF:4
BRH:4
end_of_record
